<?xml version="1.0" encoding="UTF-8"?>
<!-- Generated by org.testng.reporters.JUnitXMLReporter -->
<testsuite hostname="ABHEY-BANSAL" ignored="0" name="Command line test" tests="4" failures="0" timestamp="10 Jan 2019 23:10:22 GMT" time="66.84" errors="0">
  <testcase name="admin_button_test" time="5.0" classname="phonezoneproject.AdminTest"/>
  <testcase name="staff_button_test" time="5.786" classname="phonezoneproject.StaffTest"/>
  <testcase name="verifyWholeSellerScreen" time="1.121" classname="phonezoneproject.WholesalerTest"/>
  <testcase name="wholesaler_button_test" time="5.758" classname="phonezoneproject.WholesalerTest"/>
</testsuite> <!-- Command line test -->
