<?xml version="1.0" encoding="UTF-8"?>
<testng-results skipped="0" failed="0" ignored="0" total="3" passed="3">
  <reporter-output>
  </reporter-output>
  <suite name="Default suite" duration-ms="45154" started-at="2019-01-29T22:44:04Z" finished-at="2019-01-29T22:44:49Z">
    <groups>
    </groups>
    <test name="Default test" duration-ms="45154" started-at="2019-01-29T22:44:04Z" finished-at="2019-01-29T22:44:49Z">
      <class name="phonezone_TestCase.Admin_PM_View_product">
        <test-method status="PASS" signature="opendriver()[pri:0, instance:phonezone_TestCase.Admin_PM_View_product@72e3f]" name="opendriver" is-config="true" duration-ms="14997" started-at="2019-01-29T22:43:49Z" finished-at="2019-01-29T22:44:04Z">
          <reporter-output>
          </reporter-output>
        </test-method> <!-- opendriver -->
        <test-method status="PASS" signature="go_to_side_nav_bar()[pri:30, instance:phonezone_TestCase.Admin_PM_View_product@72e3f]" name="go_to_side_nav_bar" duration-ms="736" started-at="2019-01-29T22:44:04Z" finished-at="2019-01-29T22:44:05Z">
          <reporter-output>
          </reporter-output>
        </test-method> <!-- go_to_side_nav_bar -->
        <test-method status="PASS" signature="edit_view_product()[pri:31, instance:phonezone_TestCase.Admin_PM_View_product@72e3f]" name="edit_view_product" duration-ms="3139" started-at="2019-01-29T22:44:05Z" finished-at="2019-01-29T22:44:08Z">
          <reporter-output>
          </reporter-output>
        </test-method> <!-- edit_view_product -->
        <test-method status="PASS" signature="verify_the_search_functionality_of_view_product1()[pri:33, instance:phonezone_TestCase.Admin_PM_View_product@72e3f]" name="verify_the_search_functionality_of_view_product1" duration-ms="41231" started-at="2019-01-29T22:44:08Z" finished-at="2019-01-29T22:44:49Z">
          <reporter-output>
          </reporter-output>
        </test-method> <!-- verify_the_search_functionality_of_view_product1 -->
        <test-method status="PASS" signature="quitedriver()[pri:0, instance:phonezone_TestCase.Admin_PM_View_product@72e3f]" name="quitedriver" is-config="true" duration-ms="652" started-at="2019-01-29T22:44:49Z" finished-at="2019-01-29T22:44:50Z">
          <reporter-output>
          </reporter-output>
        </test-method> <!-- quitedriver -->
      </class> <!-- phonezone_TestCase.Admin_PM_View_product -->
    </test> <!-- Default test -->
  </suite> <!-- Default suite -->
</testng-results>
