<?xml version="1.0" encoding="UTF-8"?>
<!-- Generated by org.testng.reporters.JUnitXMLReporter -->
<testsuite hostname="Deepak-PC" ignored="4" name="Test" tests="13" failures="0" timestamp="25 Jan 2019 20:50:35 GMT" time="104.07" errors="0">
  <testcase name="login_to_Admin_page" time="7.818" classname="PZ_end_to_end_test.StaffDashboardTest"/>
  <testcase name="staffLogin_and_StoreSelector" time="0.189" classname="PZ_end_to_end_test.StaffDashboardTest"/>
  <testcase name="NavigateToDashboardViaTopMenu" time="6.343" classname="PZ_end_to_end_test.StaffDashboardTest"/>
  <testcase name="StockTakeMenu" time="4.074" classname="PZ_end_to_end_test.StaffDashboardTest"/>
  <testcase name="SortByBarcodeAscending" time="2.868" classname="PZ_end_to_end_test.StaffDashboardTest"/>
  <testcase name="SortByBarcodeDescending" time="2.867" classname="PZ_end_to_end_test.StaffDashboardTest"/>
  <testcase name="SortByTitleAscending" time="2.872" classname="PZ_end_to_end_test.StaffDashboardTest"/>
  <testcase name="SortByTitleDescending" time="3.001" classname="PZ_end_to_end_test.StaffDashboardTest"/>
  <testcase name="SearchProductByName" time="10.15" classname="PZ_end_to_end_test.StaffDashboardTest"/>
  <testcase name="SendStock" time="0.0" classname="PZ_end_to_end_test.StaffDashboardTest"/>
  <testcase name="DownloadStockTake" time="19.888" classname="PZ_end_to_end_test.StaffDashboardTest"/>
  <testcase name="cart" time="29.671" classname="PZ_end_to_end_test.Savecart"/>
  <testcase name="cartview" time="14.261" classname="PZ_end_to_end_test.Viewcart"/>
  <testcase name="@BeforeSuite opendriver" time="0.0" classname="phonezoneproject_BaseClass.BaseClass">
    <ignored/>
  </testcase> <!-- @BeforeSuite opendriver -->
  <testcase name="@BeforeSuite opendriver" time="0.0" classname="phonezoneproject_BaseClass.BaseClass">
    <ignored/>
  </testcase> <!-- @BeforeSuite opendriver -->
  <testcase name="@AfterSuite quitedriver" time="0.0" classname="phonezoneproject_BaseClass.BaseClass">
    <ignored/>
  </testcase> <!-- @AfterSuite quitedriver -->
  <testcase name="@AfterSuite quitedriver" time="0.0" classname="phonezoneproject_BaseClass.BaseClass">
    <ignored/>
  </testcase> <!-- @AfterSuite quitedriver -->
</testsuite> <!-- Test -->
