<?xml version="1.0" encoding="UTF-8"?>
<!-- Generated by org.testng.reporters.JUnitXMLReporter -->
<testsuite hostname="Deepak-PC" ignored="0" name="Test" tests="9" failures="0" timestamp="24 Jan 2019 22:59:02 GMT" time="170.887" errors="0">
  <testcase name="login_to_Admin_page" time="7.59" classname="PZ_end_to_end_test.Admin_PM_View_Category"/>
  <testcase name="go_to_side_nav_bar" time="0.3" classname="PZ_end_to_end_test.Admin_PM_View_Category"/>
  <testcase name="verify_the_add_new_category" time="12.214" classname="PZ_end_to_end_test.Admin_PM_View_Category"/>
  <testcase name="edit_view_category" time="2.398" classname="PZ_end_to_end_test.Admin_PM_View_Category"/>
  <testcase name="verify_the_search_functionality" time="1.904" classname="PZ_end_to_end_test.Admin_PM_View_Category"/>
  <testcase name="verify_the_pagination_of_searching_records" time="20.697" classname="PZ_end_to_end_test.Admin_PM_View_Category"/>
  <testcase name="verify_the_filterby_and_pagination_dropdown" time="73.824" classname="PZ_end_to_end_test.Admin_PM_View_Category"/>
  <testcase name="verify_the_update_edit_btn_in_view_category" time="10.566" classname="PZ_end_to_end_test.Admin_PM_View_Category"/>
  <testcase name="verify_the_delete_functionality" time="41.383" classname="PZ_end_to_end_test.Admin_PM_View_Category"/>
</testsuite> <!-- Test -->
