<?xml version="1.0" encoding="UTF-8"?>
<!-- Generated by org.testng.reporters.JUnitXMLReporter -->
<testsuite hostname="Deepak-PC" ignored="0" name="Test" tests="6" failures="0" timestamp="11 Jan 2019 19:54:00 GMT" time="68.916" errors="0">
  <testcase name="admin_button_test" time="4.034" classname="phonezoneproject.AdminTest"/>
  <testcase name="admin_page_all_element_is_present" time="1.354" classname="phonezoneproject.AdminTest"/>
  <testcase name="click_on_forgot_pass" time="2.272" classname="phonezoneproject.AdminTest"/>
  <testcase name="return_to_admin_login_page" time="2.653" classname="phonezoneproject.AdminTest"/>
  <testcase name="staff_button_test" time="6.086" classname="phonezoneproject.StaffTest"/>
  <testcase name="wholesaler_button_test" time="6.038" classname="phonezoneproject.WholesalerTest"/>
</testsuite> <!-- Test -->
