<?xml version="1.0" encoding="UTF-8"?>
<!-- Generated by org.testng.reporters.JUnitXMLReporter -->
<testsuite hostname="Deepak-PC" ignored="4" name="Test" tests="13" failures="1" timestamp="25 Jan 2019 14:24:35 GMT" time="171.137" errors="0">
  <testcase name="login_to_Admin_page" time="8.015" classname="PZ_end_to_end_test.StaffDashboardTest"/>
  <testcase name="staffLogin_and_StoreSelector" time="0.194" classname="PZ_end_to_end_test.StaffDashboardTest"/>
  <testcase name="NavigateToDashboardViaTopMenu" time="6.198" classname="PZ_end_to_end_test.StaffDashboardTest"/>
  <testcase name="StockTakeMenu" time="5.765" classname="PZ_end_to_end_test.StaffDashboardTest"/>
  <testcase name="SortByBarcodeAscending" time="4.808" classname="PZ_end_to_end_test.StaffDashboardTest"/>
  <testcase name="SortByBarcodeDescending" time="4.988" classname="PZ_end_to_end_test.StaffDashboardTest"/>
  <testcase name="SortByTitleAscending" time="4.936" classname="PZ_end_to_end_test.StaffDashboardTest"/>
  <testcase name="SortByTitleDescending" time="5.159" classname="PZ_end_to_end_test.StaffDashboardTest"/>
  <testcase name="SearchProductByName" time="12.073" classname="PZ_end_to_end_test.StaffDashboardTest"/>
  <testcase name="SendStock" time="0.001" classname="PZ_end_to_end_test.StaffDashboardTest"/>
  <testcase name="DownloadStockTake" time="37.656" classname="PZ_end_to_end_test.StaffDashboardTest"/>
  <testcase name="cart" time="66.946" classname="PZ_end_to_end_test.Savecart">
    <failure type="org.openqa.selenium.ElementNotVisibleException" message="element not interactable
  (Session info: chrome=71.0.3578.98)
  (Driver info: chromedriver=2.45.615291 (ec3682e3c9061c10f26ea9e5cdcf3c53f3f74387),platform=Windows NT 6.1.7601 SP1 x86) (WARNING: The server did not provide any stacktrace information)
Command duration or timeout: 0 milliseconds
Build info: version: &amp;apos;3.141.59&amp;apos;, revision: &amp;apos;e82be7d358&amp;apos;, time: &amp;apos;2018-11-14T08:17:03&amp;apos;
System info: host: &amp;apos;DEEPAK-PC&amp;apos;, ip: &amp;apos;192.168.0.123&amp;apos;, os.name: &amp;apos;Windows 7&amp;apos;, os.arch: &amp;apos;x86&amp;apos;, os.version: &amp;apos;6.1&amp;apos;, java.version: &amp;apos;1.8.0_201&amp;apos;
Driver info: org.openqa.selenium.chrome.ChromeDriver
Capabilities {acceptInsecureCerts: false, acceptSslCerts: false, applicationCacheEnabled: false, browserConnectionEnabled: false, browserName: chrome, chrome: {chromedriverVersion: 2.45.615291 (ec3682e3c9061c..., userDataDir: C:\Users\Amvrin\AppData\Loc...}, cssSelectorsEnabled: true, databaseEnabled: false, goog:chromeOptions: {debuggerAddress: localhost:49229}, handlesAlerts: true, hasTouchScreen: false, javascriptEnabled: true, locationContextEnabled: true, mobileEmulationEnabled: false, nativeEvents: true, networkConnectionEnabled: false, pageLoadStrategy: normal, platform: XP, platformName: XP, proxy: Proxy(), rotatable: false, setWindowRect: true, strictFileInteractability: false, takesHeapSnapshot: true, takesScreenshot: true, timeouts: {implicit: 0, pageLoad: 300000, script: 30000}, unexpectedAlertBehaviour: ignore, unhandledPromptBehavior: ignore, version: 71.0.3578.98, webStorageEnabled: true}
Session ID: 349109ef6dd8c93fe6f2354c4df5d881">
      <![CDATA[org.openqa.selenium.ElementNotVisibleException: element not interactable
  (Session info: chrome=71.0.3578.98)
  (Driver info: chromedriver=2.45.615291 (ec3682e3c9061c10f26ea9e5cdcf3c53f3f74387),platform=Windows NT 6.1.7601 SP1 x86) (WARNING: The server did not provide any stacktrace information)
Command duration or timeout: 0 milliseconds
Build info: version: '3.141.59', revision: 'e82be7d358', time: '2018-11-14T08:17:03'
System info: host: 'DEEPAK-PC', ip: '192.168.0.123', os.name: 'Windows 7', os.arch: 'x86', os.version: '6.1', java.version: '1.8.0_201'
Driver info: org.openqa.selenium.chrome.ChromeDriver
Capabilities {acceptInsecureCerts: false, acceptSslCerts: false, applicationCacheEnabled: false, browserConnectionEnabled: false, browserName: chrome, chrome: {chromedriverVersion: 2.45.615291 (ec3682e3c9061c..., userDataDir: C:\Users\Amvrin\AppData\Loc...}, cssSelectorsEnabled: true, databaseEnabled: false, goog:chromeOptions: {debuggerAddress: localhost:49229}, handlesAlerts: true, hasTouchScreen: false, javascriptEnabled: true, locationContextEnabled: true, mobileEmulationEnabled: false, nativeEvents: true, networkConnectionEnabled: false, pageLoadStrategy: normal, platform: XP, platformName: XP, proxy: Proxy(), rotatable: false, setWindowRect: true, strictFileInteractability: false, takesHeapSnapshot: true, takesScreenshot: true, timeouts: {implicit: 0, pageLoad: 300000, script: 30000}, unexpectedAlertBehaviour: ignore, unhandledPromptBehavior: ignore, version: 71.0.3578.98, webStorageEnabled: true}
Session ID: 349109ef6dd8c93fe6f2354c4df5d881
at org.openqa.selenium.remote.ErrorHandler.createThrowable(ErrorHandler.java:214)
at org.openqa.selenium.remote.ErrorHandler.throwIfResponseFailed(ErrorHandler.java:166)
at org.openqa.selenium.remote.http.JsonHttpResponseCodec.reconstructValue(JsonHttpResponseCodec.java:40)
at org.openqa.selenium.remote.http.AbstractHttpResponseCodec.decode(AbstractHttpResponseCodec.java:80)
at org.openqa.selenium.remote.http.AbstractHttpResponseCodec.decode(AbstractHttpResponseCodec.java:44)
at org.openqa.selenium.remote.HttpCommandExecutor.execute(HttpCommandExecutor.java:158)
at org.openqa.selenium.remote.service.DriverCommandExecutor.execute(DriverCommandExecutor.java:83)
at org.openqa.selenium.remote.RemoteWebDriver.execute(RemoteWebDriver.java:552)
at org.openqa.selenium.remote.RemoteWebElement.execute(RemoteWebElement.java:285)
at org.openqa.selenium.remote.RemoteWebElement.click(RemoteWebElement.java:84)
at PZ_end_to_end_test.Savecart.cart(Savecart.java:96)
... Removed 30 stack frames]]>
    </failure>
  </testcase> <!-- cart -->
  <testcase name="cartview" time="14.219" classname="PZ_end_to_end_test.Viewcart"/>
  <testcase name="@BeforeSuite opendriver" time="0.0" classname="phonezoneproject_BaseClass.BaseClass">
    <ignored/>
  </testcase> <!-- @BeforeSuite opendriver -->
  <testcase name="@BeforeSuite opendriver" time="0.0" classname="phonezoneproject_BaseClass.BaseClass">
    <ignored/>
  </testcase> <!-- @BeforeSuite opendriver -->
  <testcase name="@AfterSuite quitedriver" time="0.0" classname="phonezoneproject_BaseClass.BaseClass">
    <ignored/>
  </testcase> <!-- @AfterSuite quitedriver -->
  <testcase name="@AfterSuite quitedriver" time="0.0" classname="phonezoneproject_BaseClass.BaseClass">
    <ignored/>
  </testcase> <!-- @AfterSuite quitedriver -->
</testsuite> <!-- Test -->
