<?xml version="1.0" encoding="UTF-8"?>
<!-- Generated by org.testng.reporters.JUnitXMLReporter -->
<testsuite hostname="Deepak-PC" ignored="0" name="View_Category Test" tests="10" failures="0" timestamp="25 Jan 2019 20:21:13 GMT" time="195.414" errors="0">
  <testcase name="login_to_Admin_page" time="7.559" classname="PZ_end_to_end_test.Admin_PM_View_Category"/>
  <testcase name="go_to_side_nav_bar" time="0.31" classname="PZ_end_to_end_test.Admin_PM_View_Category"/>
  <testcase name="verify_the_add_new_category" time="12.618" classname="PZ_end_to_end_test.Admin_PM_View_Category"/>
  <testcase name="verify_the_existing_category" time="12.075" classname="PZ_end_to_end_test.Admin_PM_View_Category"/>
  <testcase name="edit_view_category" time="2.675" classname="PZ_end_to_end_test.Admin_PM_View_Category"/>
  <testcase name="verify_the_search_functionality" time="2.005" classname="PZ_end_to_end_test.Admin_PM_View_Category"/>
  <testcase name="verify_the_pagination_of_searching_records" time="23.367" classname="PZ_end_to_end_test.Admin_PM_View_Category"/>
  <testcase name="verify_the_filterby_and_pagination_dropdown" time="81.717" classname="PZ_end_to_end_test.Admin_PM_View_Category"/>
  <testcase name="verify_the_update_edit_btn_in_view_category" time="11.372" classname="PZ_end_to_end_test.Admin_PM_View_Category"/>
  <testcase name="verify_the_delete_functionality" time="41.687" classname="PZ_end_to_end_test.Admin_PM_View_Category"/>
</testsuite> <!-- View_Category Test -->
