<?xml version="1.0" encoding="UTF-8"?>
<!-- Generated by org.testng.reporters.JUnitXMLReporter -->
<testsuite hostname="Deepak-PC" ignored="8" name="View_Category Test" tests="30" failures="0" timestamp="31 Jan 2019 20:28:35 GMT" time="2264.517" errors="0">
  <testcase name="Verify_side_navigation_bar_special_order" time="0.765" classname="phonezone_TestCase.Admin_Special_Order"/>
  <testcase name="click_on_the_send_special_order" time="2.478" classname="phonezone_TestCase.Admin_Special_Order"/>
  <testcase name="verify_the_elements_is_exsist" time="2.455" classname="phonezone_TestCase.Admin_Special_Order"/>
  <testcase name="click_on_the_send_btn" time="0.653" classname="phonezone_TestCase.Admin_Special_Order"/>
  <testcase name="validate_the_send_button_set_feilds_empty" time="1.531" classname="phonezone_TestCase.Admin_Special_Order"/>
  <testcase name="validate_the_send_button_not_select_dropdown" time="0.903" classname="phonezone_TestCase.Admin_Special_Order"/>
  <testcase name="select_data_from_dropdown_of_select_store" time="87.703" classname="phonezone_TestCase.Admin_Special_Order"/>
  <testcase name="validate_the_send_btn" time="6.719" classname="phonezone_TestCase.Admin_Special_Order"/>
  <testcase name="go_to_side_nav_bar" time="0.854" classname="phonezone_TestCase.Admin_PM_Add_New_Category"/>
  <testcase name="verify_Add_new_category_landing_page" time="1.736" classname="phonezone_TestCase.Admin_PM_Add_New_Category"/>
  <testcase name="verify_all_elements_exsist_in_Add_New_category" time="3.864" classname="phonezone_TestCase.Admin_PM_Add_New_Category"/>
  <testcase name="verify_the_submit_btn_set_empty_feilds" time="2.608" classname="phonezone_TestCase.Admin_PM_Add_New_Category"/>
  <testcase name="verify_the_add_new_category" time="13.23" classname="phonezone_TestCase.Admin_PM_Add_New_Category"/>
  <testcase name="verify_the_existing_category" time="12.76" classname="phonezone_TestCase.Admin_PM_Add_New_Category"/>
  <testcase name="edit_Add_new_category" time="3.271" classname="phonezone_TestCase.Admin_PM_Add_New_Product"/>
  <testcase name="verify_all_elements_is_exisit" time="11.169" classname="phonezone_TestCase.Admin_PM_Add_New_Product"/>
  <testcase name="click_on_submit_button_by_set_empty_feilds" time="8.414" classname="phonezone_TestCase.Admin_PM_Add_New_Product"/>
  <testcase name="enter_the_invalid_data_in_textbox" time="6.083" classname="phonezone_TestCase.Admin_PM_Add_New_Product"/>
  <testcase name="verify_the_response_text_when_status_is_set" time="54.468" classname="phonezone_TestCase.Admin_PM_Add_New_Product"/>
  <testcase name="edit_view_category" time="3.166" classname="phonezone_TestCase.Admin_PM_View_Category"/>
  <testcase name="verify_the_pagination_of_searching_records" time="32.268" classname="phonezone_TestCase.Admin_PM_View_Category"/>
  <testcase name="verify_the_filterby_and_pagination_dropdown" time="96.639" classname="phonezone_TestCase.Admin_PM_View_Category"/>
  <testcase name="verify_the_search_functionality" time="3.681" classname="phonezone_TestCase.Admin_PM_View_Category"/>
  <testcase name="verify_the_update_edit_btn_in_view_category" time="10.076" classname="phonezone_TestCase.Admin_PM_View_Category"/>
  <testcase name="verify_the_delete_functionality" time="43.26" classname="phonezone_TestCase.Admin_PM_View_Category"/>
  <testcase name="edit_view_product" time="3.431" classname="phonezone_TestCase.Admin_PM_View_product"/>
  <testcase name="verify_the_filterBy_and_pagination_of_view_product" time="1732.299" classname="phonezone_TestCase.Admin_PM_View_product"/>
  <testcase name="verify_the_search_functionality_of_view_product1" time="9.204" classname="phonezone_TestCase.Admin_PM_View_product"/>
  <testcase name="verify_the_Edit_update_btn" time="17.096" classname="phonezone_TestCase.Admin_PM_View_product"/>
  <testcase name="verify_the_delete_functionality" time="91.644" classname="phonezone_TestCase.Admin_PM_View_product"/>
  <testcase name="@BeforeSuite opendriver" time="0.0" classname="phonezoneproject_BaseClass.BaseClass">
    <ignored/>
  </testcase> <!-- @BeforeSuite opendriver -->
  <testcase name="@BeforeSuite opendriver" time="0.0" classname="phonezoneproject_BaseClass.BaseClass">
    <ignored/>
  </testcase> <!-- @BeforeSuite opendriver -->
  <testcase name="@BeforeSuite opendriver" time="0.0" classname="phonezoneproject_BaseClass.BaseClass">
    <ignored/>
  </testcase> <!-- @BeforeSuite opendriver -->
  <testcase name="@BeforeSuite opendriver" time="0.0" classname="phonezoneproject_BaseClass.BaseClass">
    <ignored/>
  </testcase> <!-- @BeforeSuite opendriver -->
  <testcase name="@AfterSuite quitedriver" time="0.0" classname="phonezoneproject_BaseClass.BaseClass">
    <ignored/>
  </testcase> <!-- @AfterSuite quitedriver -->
  <testcase name="@AfterSuite quitedriver" time="0.0" classname="phonezoneproject_BaseClass.BaseClass">
    <ignored/>
  </testcase> <!-- @AfterSuite quitedriver -->
  <testcase name="@AfterSuite quitedriver" time="0.0" classname="phonezoneproject_BaseClass.BaseClass">
    <ignored/>
  </testcase> <!-- @AfterSuite quitedriver -->
  <testcase name="@AfterSuite quitedriver" time="0.0" classname="phonezoneproject_BaseClass.BaseClass">
    <ignored/>
  </testcase> <!-- @AfterSuite quitedriver -->
</testsuite> <!-- View_Category Test -->
