<?xml version="1.0" encoding="UTF-8"?>
<!-- Generated by org.testng.reporters.JUnitXMLReporter -->
<testsuite hostname="Deepak-PC" ignored="0" name="Default test" tests="9" failures="0" timestamp="24 Jan 2019 22:52:09 GMT" time="174.341" errors="0">
  <testcase name="login_to_Admin_page" time="8.022" classname="PZ_end_to_end_test.Admin_PM_View_Category"/>
  <testcase name="go_to_side_nav_bar" time="0.334" classname="PZ_end_to_end_test.Admin_PM_View_Category"/>
  <testcase name="verify_the_add_new_category" time="12.278" classname="PZ_end_to_end_test.Admin_PM_View_Category"/>
  <testcase name="edit_view_category" time="2.448" classname="PZ_end_to_end_test.Admin_PM_View_Category"/>
  <testcase name="verify_the_search_functionality" time="1.93" classname="PZ_end_to_end_test.Admin_PM_View_Category"/>
  <testcase name="verify_the_pagination_of_searching_records" time="22.223" classname="PZ_end_to_end_test.Admin_PM_View_Category"/>
  <testcase name="verify_the_filterby_and_pagination_dropdown" time="75.413" classname="PZ_end_to_end_test.Admin_PM_View_Category"/>
  <testcase name="verify_the_update_edit_btn_in_view_category" time="10.366" classname="PZ_end_to_end_test.Admin_PM_View_Category"/>
  <testcase name="verify_the_delete_functionality" time="41.282" classname="PZ_end_to_end_test.Admin_PM_View_Category"/>
</testsuite> <!-- Default test -->
