<?xml version="1.0" encoding="UTF-8"?>
<!-- Generated by org.testng.reporters.JUnitXMLReporter -->
<testsuite hostname="Deepak-PC" ignored="0" name="Default test" tests="3" failures="0" timestamp="22 Jan 2019 19:48:51 GMT" time="15.627" errors="0">
  <testcase name="go_to_side_nav_bar" time="0.717" classname="phonezone_TestCase.Admin_PM_View_product"/>
  <testcase name="edit_view_product" time="4.305" classname="phonezone_TestCase.Admin_PM_View_product"/>
  <testcase name="verify_the_Edit_update_btn" time="10.57" classname="phonezone_TestCase.Admin_PM_View_product"/>
</testsuite> <!-- Default test -->
