<?xml version="1.0" encoding="UTF-8"?>
<testng-results skipped="0" failed="0" ignored="0" total="4" passed="4">
  <reporter-output>
  </reporter-output>
  <suite name="Command line suite" duration-ms="66840" started-at="2019-01-10T23:09:15Z" finished-at="2019-01-10T23:10:22Z">
    <groups>
    </groups>
    <test name="Command line test" duration-ms="66840" started-at="2019-01-10T23:09:15Z" finished-at="2019-01-10T23:10:22Z">
      <class name="phonezoneproject.StaffTest">
        <test-method status="PASS" signature="opendriver()[pri:0, instance:phonezoneproject.StaffTest@735b478]" name="opendriver" is-config="true" duration-ms="7780" started-at="2019-01-11T04:39:45Z" finished-at="2019-01-11T04:39:53Z">
          <reporter-output>
          </reporter-output>
        </test-method> <!-- opendriver -->
        <test-method status="PASS" signature="staff_button_test()[pri:0, instance:phonezoneproject.StaffTest@735b478]" name="staff_button_test" duration-ms="5786" started-at="2019-01-11T04:39:53Z" finished-at="2019-01-11T04:39:59Z">
          <reporter-output>
          </reporter-output>
        </test-method> <!-- staff_button_test -->
        <test-method status="PASS" signature="quitedriver()[pri:0, instance:phonezoneproject.StaffTest@735b478]" name="quitedriver" is-config="true" duration-ms="742" started-at="2019-01-11T04:39:59Z" finished-at="2019-01-11T04:39:59Z">
          <reporter-output>
          </reporter-output>
        </test-method> <!-- quitedriver -->
      </class> <!-- phonezoneproject.StaffTest -->
      <class name="phonezoneproject.AdminTest">
        <test-method status="PASS" signature="opendriver()[pri:0, instance:phonezoneproject.AdminTest@52af6cff]" name="opendriver" is-config="true" duration-ms="24439" started-at="2019-01-11T04:39:15Z" finished-at="2019-01-11T04:39:39Z">
          <reporter-output>
          </reporter-output>
        </test-method> <!-- opendriver -->
        <test-method status="PASS" signature="admin_button_test()[pri:0, instance:phonezoneproject.AdminTest@52af6cff]" name="admin_button_test" duration-ms="5000" started-at="2019-01-11T04:39:39Z" finished-at="2019-01-11T04:39:44Z">
          <reporter-output>
          </reporter-output>
        </test-method> <!-- admin_button_test -->
        <test-method status="PASS" signature="quitedriver()[pri:0, instance:phonezoneproject.AdminTest@52af6cff]" name="quitedriver" is-config="true" duration-ms="740" started-at="2019-01-11T04:39:44Z" finished-at="2019-01-11T04:39:45Z">
          <reporter-output>
          </reporter-output>
        </test-method> <!-- quitedriver -->
      </class> <!-- phonezoneproject.AdminTest -->
      <class name="phonezoneproject.WholesalerTest">
        <test-method status="PASS" signature="opendriver()[pri:0, instance:phonezoneproject.WholesalerTest@2c9f9fb0]" name="opendriver" is-config="true" duration-ms="7010" started-at="2019-01-11T04:39:59Z" finished-at="2019-01-11T04:40:06Z">
          <reporter-output>
          </reporter-output>
        </test-method> <!-- opendriver -->
        <test-method status="PASS" signature="verifyWholeSellerScreen()[pri:0, instance:phonezoneproject.WholesalerTest@2c9f9fb0]" name="verifyWholeSellerScreen" duration-ms="1121" started-at="2019-01-11T04:40:06Z" finished-at="2019-01-11T04:40:07Z">
          <reporter-output>
          </reporter-output>
        </test-method> <!-- verifyWholeSellerScreen -->
        <test-method status="PASS" signature="quitedriver()[pri:0, instance:phonezoneproject.WholesalerTest@2c9f9fb0]" name="quitedriver" is-config="true" duration-ms="768" started-at="2019-01-11T04:40:07Z" finished-at="2019-01-11T04:40:08Z">
          <reporter-output>
          </reporter-output>
        </test-method> <!-- quitedriver -->
        <test-method status="PASS" signature="opendriver()[pri:0, instance:phonezoneproject.WholesalerTest@2c9f9fb0]" name="opendriver" is-config="true" duration-ms="6871" started-at="2019-01-11T04:40:08Z" finished-at="2019-01-11T04:40:15Z">
          <reporter-output>
          </reporter-output>
        </test-method> <!-- opendriver -->
        <test-method status="PASS" signature="wholesaler_button_test()[pri:0, instance:phonezoneproject.WholesalerTest@2c9f9fb0]" name="wholesaler_button_test" duration-ms="5758" started-at="2019-01-11T04:40:15Z" finished-at="2019-01-11T04:40:21Z">
          <reporter-output>
          </reporter-output>
        </test-method> <!-- wholesaler_button_test -->
        <test-method status="PASS" signature="quitedriver()[pri:0, instance:phonezoneproject.WholesalerTest@2c9f9fb0]" name="quitedriver" is-config="true" duration-ms="756" started-at="2019-01-11T04:40:21Z" finished-at="2019-01-11T04:40:22Z">
          <reporter-output>
          </reporter-output>
        </test-method> <!-- quitedriver -->
      </class> <!-- phonezoneproject.WholesalerTest -->
    </test> <!-- Command line test -->
  </suite> <!-- Command line suite -->
</testng-results>
